<?xml version="1.0" encoding="UTF-8"?>
<testsuite name="com.mycompany.mobile.MobileApplicationTests" tests="1" skipped="0" failures="0" errors="0" timestamp="2020-01-15T13:51:23" hostname="ecrmac-100937.e-core.com" time="0.213">
  <properties/>
  <testcase name="contextLoads()" classname="com.mycompany.mobile.MobileApplicationTests" time="0.213"/>
  <system-out><![CDATA[10:51:22.067 [Test worker] DEBUG org.springframework.test.context.BootstrapUtils - Instantiating CacheAwareContextLoaderDelegate from class [org.springframework.test.context.cache.DefaultCacheAwareContextLoaderDelegate]
10:51:22.085 [Test worker] DEBUG org.springframework.test.context.BootstrapUtils - Instantiating BootstrapContext using constructor [public org.springframework.test.context.support.DefaultBootstrapContext(java.lang.Class,org.springframework.test.context.CacheAwareContextLoaderDelegate)]
10:51:22.113 [Test worker] DEBUG org.springframework.test.context.BootstrapUtils - Instantiating TestContextBootstrapper for test class [com.mycompany.mobile.MobileApplicationTests] from class [org.springframework.boot.test.context.SpringBootTestContextBootstrapper]
10:51:22.129 [Test worker] INFO org.springframework.boot.test.context.SpringBootTestContextBootstrapper - Neither @ContextConfiguration nor @ContextHierarchy found for test class [com.mycompany.mobile.MobileApplicationTests], using SpringBootContextLoader
10:51:22.133 [Test worker] DEBUG org.springframework.test.context.support.AbstractContextLoader - Did not detect default resource location for test class [com.mycompany.mobile.MobileApplicationTests]: class path resource [com/mycompany/mobile/MobileApplicationTests-context.xml] does not exist
10:51:22.133 [Test worker] DEBUG org.springframework.test.context.support.AbstractContextLoader - Did not detect default resource location for test class [com.mycompany.mobile.MobileApplicationTests]: class path resource [com/mycompany/mobile/MobileApplicationTestsContext.groovy] does not exist
10:51:22.134 [Test worker] INFO org.springframework.test.context.support.AbstractContextLoader - Could not detect default resource locations for test class [com.mycompany.mobile.MobileApplicationTests]: no resource found for suffixes {-context.xml, Context.groovy}.
10:51:22.134 [Test worker] INFO org.springframework.test.context.support.AnnotationConfigContextLoaderUtils - Could not detect default configuration classes for test class [com.mycompany.mobile.MobileApplicationTests]: MobileApplicationTests does not declare any static, non-private, non-final, nested classes annotated with @Configuration.
10:51:22.168 [Test worker] DEBUG org.springframework.test.context.support.ActiveProfilesUtils - Could not find an 'annotation declaring class' for annotation type [org.springframework.test.context.ActiveProfiles] and class [com.mycompany.mobile.MobileApplicationTests]
10:51:22.241 [Test worker] DEBUG org.springframework.context.annotation.ClassPathScanningCandidateComponentProvider - Identified candidate component class: file [/Users/marcos.andrade/Documents/bitbucket/repository/mobile-backend/build/classes/java/main/com/mycompany/mobile/MobileApplication.class]
10:51:22.243 [Test worker] INFO org.springframework.boot.test.context.SpringBootTestContextBootstrapper - Found @SpringBootConfiguration com.mycompany.mobile.MobileApplication for test class com.mycompany.mobile.MobileApplicationTests
10:51:22.356 [Test worker] DEBUG org.springframework.boot.test.context.SpringBootTestContextBootstrapper - @TestExecutionListeners is not present for class [com.mycompany.mobile.MobileApplicationTests]: using defaults.
10:51:22.356 [Test worker] INFO org.springframework.boot.test.context.SpringBootTestContextBootstrapper - Loaded default TestExecutionListener class names from location [META-INF/spring.factories]: [org.springframework.boot.test.autoconfigure.restdocs.RestDocsTestExecutionListener, org.springframework.boot.test.autoconfigure.web.client.MockRestServiceServerResetTestExecutionListener, org.springframework.boot.test.autoconfigure.web.servlet.MockMvcPrintOnlyOnFailureTestExecutionListener, org.springframework.boot.test.autoconfigure.web.servlet.WebDriverTestExecutionListener, org.springframework.boot.test.mock.mockito.MockitoTestExecutionListener, org.springframework.boot.test.mock.mockito.ResetMocksTestExecutionListener, org.springframework.test.context.web.ServletTestExecutionListener, org.springframework.test.context.support.DirtiesContextBeforeModesTestExecutionListener, org.springframework.test.context.support.DependencyInjectionTestExecutionListener, org.springframework.test.context.support.DirtiesContextTestExecutionListener, org.springframework.test.context.transaction.TransactionalTestExecutionListener, org.springframework.test.context.jdbc.SqlScriptsTestExecutionListener, org.springframework.test.context.event.EventPublishingTestExecutionListener]
10:51:22.368 [Test worker] DEBUG org.springframework.boot.test.context.SpringBootTestContextBootstrapper - Skipping candidate TestExecutionListener [org.springframework.test.context.transaction.TransactionalTestExecutionListener] due to a missing dependency. Specify custom listener classes or make the default listener classes and their required dependencies available. Offending class: [org/springframework/transaction/interceptor/TransactionAttributeSource]
10:51:22.369 [Test worker] DEBUG org.springframework.boot.test.context.SpringBootTestContextBootstrapper - Skipping candidate TestExecutionListener [org.springframework.test.context.jdbc.SqlScriptsTestExecutionListener] due to a missing dependency. Specify custom listener classes or make the default listener classes and their required dependencies available. Offending class: [org/springframework/transaction/interceptor/TransactionAttribute]
10:51:22.370 [Test worker] INFO org.springframework.boot.test.context.SpringBootTestContextBootstrapper - Using TestExecutionListeners: [org.springframework.test.context.web.ServletTestExecutionListener@6fd0c8fa, org.springframework.test.context.support.DirtiesContextBeforeModesTestExecutionListener@16bea025, org.springframework.boot.test.mock.mockito.MockitoTestExecutionListener@373c703b, org.springframework.boot.test.autoconfigure.SpringBootDependencyInjectionTestExecutionListener@6b5f1b74, org.springframework.test.context.support.DirtiesContextTestExecutionListener@22199fd, org.springframework.test.context.event.EventPublishingTestExecutionListener@61fdbe14, org.springframework.boot.test.autoconfigure.restdocs.RestDocsTestExecutionListener@3594b7b8, org.springframework.boot.test.autoconfigure.web.client.MockRestServiceServerResetTestExecutionListener@26838ec5, org.springframework.boot.test.autoconfigure.web.servlet.MockMvcPrintOnlyOnFailureTestExecutionListener@28e30599, org.springframework.boot.test.autoconfigure.web.servlet.WebDriverTestExecutionListener@24e2138f, org.springframework.boot.test.mock.mockito.ResetMocksTestExecutionListener@345b49dc]
10:51:22.374 [Test worker] DEBUG org.springframework.test.context.support.AbstractDirtiesContextTestExecutionListener - Before test class: context [DefaultTestContext@363a308 testClass = MobileApplicationTests, testInstance = [null], testMethod = [null], testException = [null], mergedContextConfiguration = [WebMergedContextConfiguration@231d25d0 testClass = MobileApplicationTests, locations = '{}', classes = '{class com.mycompany.mobile.MobileApplication}', contextInitializerClasses = '[]', activeProfiles = '{}', propertySourceLocations = '{}', propertySourceProperties = '{org.springframework.boot.test.context.SpringBootTestContextBootstrapper=true}', contextCustomizers = set[org.springframework.boot.test.autoconfigure.properties.PropertyMappingContextCustomizer@0, org.springframework.boot.test.autoconfigure.web.servlet.WebDriverContextCustomizerFactory$Customizer@4521c648, org.springframework.boot.test.context.filter.ExcludeFilterContextCustomizer@9a17fe7, org.springframework.boot.test.json.DuplicateJsonObjectContextCustomizerFactory$DuplicateJsonObjectContextCustomizer@321499b5, org.springframework.boot.test.mock.mockito.MockitoContextCustomizer@0, org.springframework.boot.test.web.client.TestRestTemplateContextCustomizer@3fd2a5d6], resourceBasePath = 'src/main/webapp', contextLoader = 'org.springframework.boot.test.context.SpringBootContextLoader', parent = [null]], attributes = map['org.springframework.test.context.web.ServletTestExecutionListener.activateListener' -> true]], class annotated with @DirtiesContext [false] with mode [null].
10:51:22.401 [Test worker] DEBUG org.springframework.test.context.support.TestPropertySourceUtils - Adding inlined properties to environment: {spring.jmx.enabled=false, org.springframework.boot.test.context.SpringBootTestContextBootstrapper=true, server.port=-1}

  .   ____          _            __ _ _
 /\\ / ___'_ __ _ _(_)_ __  __ _ \ \ \ \
( ( )\___ | '_ | '_| | '_ \/ _` | \ \ \ \
 \\/  ___)| |_)| | | | | || (_| |  ) ) ) )
  '  |____| .__|_| |_|_| |_\__, | / / / /
 =========|_|==============|___/=/_/_/_/
 :: Spring Boot ::        (v2.2.2.RELEASE)

2020-01-15 10:51:22.627  INFO 35530 --- [    Test worker] c.m.mobile.MobileApplicationTests        : Starting MobileApplicationTests on ecrmac-100937.e-core.com with PID 35530 (started by marcos.andrade in /Users/marcos.andrade/Documents/bitbucket/repository/mobile-backend)
2020-01-15 10:51:22.629  INFO 35530 --- [    Test worker] c.m.mobile.MobileApplicationTests        : No active profile set, falling back to default profiles: default
2020-01-15 10:51:23.643  INFO 35530 --- [    Test worker] o.s.s.concurrent.ThreadPoolTaskExecutor  : Initializing ExecutorService 'applicationTaskExecutor'
2020-01-15 10:51:23.890  INFO 35530 --- [    Test worker] c.m.mobile.MobileApplicationTests        : Started MobileApplicationTests in 1.48 seconds (JVM running for 2.828)
]]></system-out>
  <system-err><![CDATA[]]></system-err>
</testsuite>
